This file contains any messages produced by compilers while
running configure, to aid debugging if configure makes a mistake.

It was created by OligoArrayAux configure 3.8, which was
generated by GNU Autoconf 2.61.  Invocation command line was

  $ ./configure 

## --------- ##
## Platform. ##
## --------- ##

hostname = anat-imac-31.otago.ac.nz
uname -m = x86_64
uname -r = 16.7.0
uname -s = Darwin
uname -v = Darwin Kernel Version 16.7.0: Thu Dec 20 21:53:35 PST 2018; root:xnu-3789.73.31~1/RELEASE_X86_64

/usr/bin/uname -p = i386
/bin/uname -X     = unknown

/bin/arch              = unknown
/usr/bin/arch -k       = unknown
/usr/convex/getsysinfo = unknown
/usr/bin/hostinfo      = Mach kernel version:
	 Darwin Kernel Version 16.7.0: Thu Dec 20 21:53:35 PST 2018; root:xnu-3789.73.31~1/RELEASE_X86_64
Kernel configured for up to 8 processors.
4 processors are physically available.
8 processors are logically available.
Processor type: i486 (Intel 80486)
Processors active: 0 1 2 3 4 5 6 7
Primary memory available: 16.00 gigabytes
Default processor set: 402 tasks, 2512 threads, 8 processors
Load average: 1.44, Mach factor: 6.54
/bin/machine           = unknown
/usr/bin/oslevel       = unknown
/bin/universe          = unknown

PATH: /Users/clareadams/Documents/Bioinformatics/bin
PATH: /Users/clareadams/path/to/oligoarrayaux-3.8/src
PATH: /Users/clareadams/miniconda2/bin
PATH: /usr/local/bin
PATH: /usr/bin
PATH: /bin
PATH: /usr/sbin
PATH: /sbin
PATH: /opt/local/bin
PATH: /opt/X11/bin
PATH: /usr/local/munki
PATH: /Library/TeX/texbin
PATH: /Users/clareadams/Documents/Bioinformatics/bin
PATH: /Users/clareadams/path/to/oligoarrayaux-3.8/src
PATH: /Users/clareadams/miniconda2/bin
PATH: bin/msys-ssh-1000-18


## ----------- ##
## Core tests. ##
## ----------- ##

configure:1789: checking for a BSD-compatible install
configure:1845: result: /usr/bin/install -c
configure:1856: checking whether build environment is sane
configure:1899: result: yes
configure:1927: checking for a thread-safe mkdir -p
configure:1966: result: /opt/local/bin/gmkdir -p
configure:1979: checking for gawk
configure:2009: result: no
configure:1979: checking for mawk
configure:2009: result: no
configure:1979: checking for nawk
configure:2009: result: no
configure:1979: checking for awk
configure:1995: found /usr/bin/awk
configure:2006: result: awk
configure:2017: checking whether make sets $(MAKE)
configure:2038: result: yes
configure:2232: checking build system type
configure:2250: result: i386-apple-darwin16.7.0
configure:2320: checking for gcc
configure:2336: found /usr/bin/gcc
configure:2347: result: gcc
configure:2585: checking for C compiler version
configure:2592: gcc --version >&5
Configured with: --prefix=/Applications/Xcode.app/Contents/Developer/usr --with-gxx-include-dir=/usr/include/c++/4.2.1
Apple LLVM version 8.0.0 (clang-800.0.42.1)
Target: x86_64-apple-darwin16.7.0
Thread model: posix
InstalledDir: /Applications/Xcode.app/Contents/Developer/Toolchains/XcodeDefault.xctoolchain/usr/bin
configure:2595: $? = 0
configure:2602: gcc -v >&5
Configured with: --prefix=/Applications/Xcode.app/Contents/Developer/usr --with-gxx-include-dir=/usr/include/c++/4.2.1
Apple LLVM version 8.0.0 (clang-800.0.42.1)
Target: x86_64-apple-darwin16.7.0
Thread model: posix
InstalledDir: /Applications/Xcode.app/Contents/Developer/Toolchains/XcodeDefault.xctoolchain/usr/bin
configure:2605: $? = 0
configure:2612: gcc -V >&5
clang: error: argument to '-V' is missing (expected 1 value)
clang: error: no input files
configure:2615: $? = 1
configure:2638: checking for C compiler default output file name
configure:2665: gcc    conftest.c  >&5
configure:2668: $? = 0
configure:2706: result: a.out
configure:2723: checking whether the C compiler works
configure:2733: ./a.out
configure:2736: $? = 0
configure:2753: result: yes
configure:2760: checking whether we are cross compiling
configure:2762: result: no
configure:2765: checking for suffix of executables
configure:2772: gcc -o conftest    conftest.c  >&5
configure:2775: $? = 0
configure:2799: result: 
configure:2805: checking for suffix of object files
configure:2831: gcc -c   conftest.c >&5
configure:2834: $? = 0
configure:2857: result: o
configure:2861: checking whether we are using the GNU C compiler
configure:2890: gcc -c   conftest.c >&5
configure:2896: $? = 0
configure:2913: result: yes
configure:2918: checking whether gcc accepts -g
configure:2948: gcc -c -g  conftest.c >&5
configure:2954: $? = 0
configure:3053: result: yes
configure:3070: checking for gcc option to accept ISO C89
configure:3144: gcc  -c -g -O2  conftest.c >&5
configure:3150: $? = 0
configure:3173: result: none needed
configure:3202: checking for style of include used by make
configure:3230: result: GNU
configure:3255: checking dependency style of gcc
configure:3346: result: gcc3
configure:3374: checking for a BSD-compatible install
configure:3430: result: /usr/bin/install -c
configure:3441: checking whether ln -s works
configure:3445: result: yes
configure:3454: checking for perl
configure:3472: found /usr/bin/perl
configure:3484: result: /usr/bin/perl
configure:3542: checking for perl version greater than or equal to 5.6.1
configure:3554: result: ok
configure:3564: checking whether compiler needs -mieee
configure:3573: result: no
configure:3588: checking for dirent.h that defines DIR
configure:3617: gcc -c -g -O2  conftest.c >&5
configure:3623: $? = 0
configure:3639: result: yes
configure:3652: checking for library containing opendir
configure:3693: gcc -o conftest -g -O2   conftest.c  >&5
configure:3699: $? = 0
configure:3727: result: none required
configure:3826: checking how to run the C preprocessor
configure:3866: gcc -E  conftest.c
configure:3872: $? = 0
configure:3903: gcc -E  conftest.c
conftest.c:11:10: fatal error: 'ac_nonexistent.h' file not found
#include <ac_nonexistent.h>
         ^
1 error generated.
configure:3909: $? = 1
configure: failed program was:
| /* confdefs.h.  */
| #define PACKAGE_NAME "OligoArrayAux"
| #define PACKAGE_TARNAME "oligoarrayaux"
| #define PACKAGE_VERSION "3.8"
| #define PACKAGE_STRING "OligoArrayAux 3.8"
| #define PACKAGE_BUGREPORT "markhn@rpi.edu"
| #define PACKAGE "oligoarrayaux"
| #define VERSION "3.8"
| #define HAVE_DIRENT_H 1
| /* end confdefs.h.  */
| #include <ac_nonexistent.h>
configure:3942: result: gcc -E
configure:3971: gcc -E  conftest.c
configure:3977: $? = 0
configure:4008: gcc -E  conftest.c
conftest.c:11:10: fatal error: 'ac_nonexistent.h' file not found
#include <ac_nonexistent.h>
         ^
1 error generated.
configure:4014: $? = 1
configure: failed program was:
| /* confdefs.h.  */
| #define PACKAGE_NAME "OligoArrayAux"
| #define PACKAGE_TARNAME "oligoarrayaux"
| #define PACKAGE_VERSION "3.8"
| #define PACKAGE_STRING "OligoArrayAux 3.8"
| #define PACKAGE_BUGREPORT "markhn@rpi.edu"
| #define PACKAGE "oligoarrayaux"
| #define VERSION "3.8"
| #define HAVE_DIRENT_H 1
| /* end confdefs.h.  */
| #include <ac_nonexistent.h>
configure:4052: checking for grep that handles long lines and -e
configure:4126: result: /usr/bin/grep
configure:4131: checking for egrep
configure:4209: result: /usr/bin/grep -E
configure:4214: checking for ANSI C header files
configure:4244: gcc -c -g -O2  conftest.c >&5
configure:4250: $? = 0
configure:4349: gcc -o conftest -g -O2   conftest.c  >&5
configure:4352: $? = 0
configure:4358: ./conftest
configure:4361: $? = 0
configure:4378: result: yes
configure:4402: checking for sys/types.h
configure:4423: gcc -c -g -O2  conftest.c >&5
configure:4429: $? = 0
configure:4445: result: yes
configure:4402: checking for sys/stat.h
configure:4423: gcc -c -g -O2  conftest.c >&5
configure:4429: $? = 0
configure:4445: result: yes
configure:4402: checking for stdlib.h
configure:4423: gcc -c -g -O2  conftest.c >&5
configure:4429: $? = 0
configure:4445: result: yes
configure:4402: checking for string.h
configure:4423: gcc -c -g -O2  conftest.c >&5
configure:4429: $? = 0
configure:4445: result: yes
configure:4402: checking for memory.h
configure:4423: gcc -c -g -O2  conftest.c >&5
configure:4429: $? = 0
configure:4445: result: yes
configure:4402: checking for strings.h
configure:4423: gcc -c -g -O2  conftest.c >&5
configure:4429: $? = 0
configure:4445: result: yes
configure:4402: checking for inttypes.h
configure:4423: gcc -c -g -O2  conftest.c >&5
configure:4429: $? = 0
configure:4445: result: yes
configure:4402: checking for stdint.h
configure:4423: gcc -c -g -O2  conftest.c >&5
configure:4429: $? = 0
configure:4445: result: yes
configure:4402: checking for unistd.h
configure:4423: gcc -c -g -O2  conftest.c >&5
configure:4429: $? = 0
configure:4445: result: yes
configure:4477: checking fcntl.h usability
configure:4494: gcc -c -g -O2  conftest.c >&5
configure:4500: $? = 0
configure:4514: result: yes
configure:4518: checking fcntl.h presence
configure:4533: gcc -E  conftest.c
configure:4539: $? = 0
configure:4553: result: yes
configure:4586: checking for fcntl.h
configure:4594: result: yes
configure:4477: checking ieeefp.h usability
configure:4494: gcc -c -g -O2  conftest.c >&5
conftest.c:55:10: fatal error: 'ieeefp.h' file not found
#include <ieeefp.h>
         ^
1 error generated.
configure:4500: $? = 1
configure: failed program was:
| /* confdefs.h.  */
| #define PACKAGE_NAME "OligoArrayAux"
| #define PACKAGE_TARNAME "oligoarrayaux"
| #define PACKAGE_VERSION "3.8"
| #define PACKAGE_STRING "OligoArrayAux 3.8"
| #define PACKAGE_BUGREPORT "markhn@rpi.edu"
| #define PACKAGE "oligoarrayaux"
| #define VERSION "3.8"
| #define HAVE_DIRENT_H 1
| #define STDC_HEADERS 1
| #define HAVE_SYS_TYPES_H 1
| #define HAVE_SYS_STAT_H 1
| #define HAVE_STDLIB_H 1
| #define HAVE_STRING_H 1
| #define HAVE_MEMORY_H 1
| #define HAVE_STRINGS_H 1
| #define HAVE_INTTYPES_H 1
| #define HAVE_STDINT_H 1
| #define HAVE_UNISTD_H 1
| #define HAVE_FCNTL_H 1
| /* end confdefs.h.  */
| #include <stdio.h>
| #ifdef HAVE_SYS_TYPES_H
| # include <sys/types.h>
| #endif
| #ifdef HAVE_SYS_STAT_H
| # include <sys/stat.h>
| #endif
| #ifdef STDC_HEADERS
| # include <stdlib.h>
| # include <stddef.h>
| #else
| # ifdef HAVE_STDLIB_H
| #  include <stdlib.h>
| # endif
| #endif
| #ifdef HAVE_STRING_H
| # if !defined STDC_HEADERS && defined HAVE_MEMORY_H
| #  include <memory.h>
| # endif
| # include <string.h>
| #endif
| #ifdef HAVE_STRINGS_H
| # include <strings.h>
| #endif
| #ifdef HAVE_INTTYPES_H
| # include <inttypes.h>
| #endif
| #ifdef HAVE_STDINT_H
| # include <stdint.h>
| #endif
| #ifdef HAVE_UNISTD_H
| # include <unistd.h>
| #endif
| #include <ieeefp.h>
configure:4514: result: no
configure:4518: checking ieeefp.h presence
configure:4533: gcc -E  conftest.c
conftest.c:22:10: fatal error: 'ieeefp.h' file not found
#include <ieeefp.h>
         ^
1 error generated.
configure:4539: $? = 1
configure: failed program was:
| /* confdefs.h.  */
| #define PACKAGE_NAME "OligoArrayAux"
| #define PACKAGE_TARNAME "oligoarrayaux"
| #define PACKAGE_VERSION "3.8"
| #define PACKAGE_STRING "OligoArrayAux 3.8"
| #define PACKAGE_BUGREPORT "markhn@rpi.edu"
| #define PACKAGE "oligoarrayaux"
| #define VERSION "3.8"
| #define HAVE_DIRENT_H 1
| #define STDC_HEADERS 1
| #define HAVE_SYS_TYPES_H 1
| #define HAVE_SYS_STAT_H 1
| #define HAVE_STDLIB_H 1
| #define HAVE_STRING_H 1
| #define HAVE_MEMORY_H 1
| #define HAVE_STRINGS_H 1
| #define HAVE_INTTYPES_H 1
| #define HAVE_STDINT_H 1
| #define HAVE_UNISTD_H 1
| #define HAVE_FCNTL_H 1
| /* end confdefs.h.  */
| #include <ieeefp.h>
configure:4553: result: no
configure:4586: checking for ieeefp.h
configure:4594: result: no
configure:4477: checking libintl.h usability
configure:4494: gcc -c -g -O2  conftest.c >&5
conftest.c:55:10: fatal error: 'libintl.h' file not found
#include <libintl.h>
         ^
1 error generated.
configure:4500: $? = 1
configure: failed program was:
| /* confdefs.h.  */
| #define PACKAGE_NAME "OligoArrayAux"
| #define PACKAGE_TARNAME "oligoarrayaux"
| #define PACKAGE_VERSION "3.8"
| #define PACKAGE_STRING "OligoArrayAux 3.8"
| #define PACKAGE_BUGREPORT "markhn@rpi.edu"
| #define PACKAGE "oligoarrayaux"
| #define VERSION "3.8"
| #define HAVE_DIRENT_H 1
| #define STDC_HEADERS 1
| #define HAVE_SYS_TYPES_H 1
| #define HAVE_SYS_STAT_H 1
| #define HAVE_STDLIB_H 1
| #define HAVE_STRING_H 1
| #define HAVE_MEMORY_H 1
| #define HAVE_STRINGS_H 1
| #define HAVE_INTTYPES_H 1
| #define HAVE_STDINT_H 1
| #define HAVE_UNISTD_H 1
| #define HAVE_FCNTL_H 1
| /* end confdefs.h.  */
| #include <stdio.h>
| #ifdef HAVE_SYS_TYPES_H
| # include <sys/types.h>
| #endif
| #ifdef HAVE_SYS_STAT_H
| # include <sys/stat.h>
| #endif
| #ifdef STDC_HEADERS
| # include <stdlib.h>
| # include <stddef.h>
| #else
| # ifdef HAVE_STDLIB_H
| #  include <stdlib.h>
| # endif
| #endif
| #ifdef HAVE_STRING_H
| # if !defined STDC_HEADERS && defined HAVE_MEMORY_H
| #  include <memory.h>
| # endif
| # include <string.h>
| #endif
| #ifdef HAVE_STRINGS_H
| # include <strings.h>
| #endif
| #ifdef HAVE_INTTYPES_H
| # include <inttypes.h>
| #endif
| #ifdef HAVE_STDINT_H
| # include <stdint.h>
| #endif
| #ifdef HAVE_UNISTD_H
| # include <unistd.h>
| #endif
| #include <libintl.h>
configure:4514: result: no
configure:4518: checking libintl.h presence
configure:4533: gcc -E  conftest.c
conftest.c:22:10: fatal error: 'libintl.h' file not found
#include <libintl.h>
         ^
1 error generated.
configure:4539: $? = 1
configure: failed program was:
| /* confdefs.h.  */
| #define PACKAGE_NAME "OligoArrayAux"
| #define PACKAGE_TARNAME "oligoarrayaux"
| #define PACKAGE_VERSION "3.8"
| #define PACKAGE_STRING "OligoArrayAux 3.8"
| #define PACKAGE_BUGREPORT "markhn@rpi.edu"
| #define PACKAGE "oligoarrayaux"
| #define VERSION "3.8"
| #define HAVE_DIRENT_H 1
| #define STDC_HEADERS 1
| #define HAVE_SYS_TYPES_H 1
| #define HAVE_SYS_STAT_H 1
| #define HAVE_STDLIB_H 1
| #define HAVE_STRING_H 1
| #define HAVE_MEMORY_H 1
| #define HAVE_STRINGS_H 1
| #define HAVE_INTTYPES_H 1
| #define HAVE_STDINT_H 1
| #define HAVE_UNISTD_H 1
| #define HAVE_FCNTL_H 1
| /* end confdefs.h.  */
| #include <libintl.h>
configure:4553: result: no
configure:4586: checking for libintl.h
configure:4594: result: no
configure:4477: checking limits.h usability
configure:4494: gcc -c -g -O2  conftest.c >&5
configure:4500: $? = 0
configure:4514: result: yes
configure:4518: checking limits.h presence
configure:4533: gcc -E  conftest.c
configure:4539: $? = 0
configure:4553: result: yes
configure:4586: checking for limits.h
configure:4594: result: yes
configure:4467: checking for stdlib.h
configure:4473: result: yes
configure:4467: checking for string.h
configure:4473: result: yes
configure:4609: checking for an ANSI C-conforming const
configure:4684: gcc -c -g -O2  conftest.c >&5
configure:4690: $? = 0
configure:4705: result: yes
configure:4718: checking whether scanf() understands "inf"
configure:4745: gcc -o conftest -g -O2   conftest.c  >&5
conftest.c:29:44: warning: implicit declaration of function 'finite' is invalid in C99 [-Wimplicit-function-declaration]
double d; sscanf("inf", "%lg", &d); return finite(d);
                                           ^
1 warning generated.
configure:4748: $? = 0
configure:4754: ./conftest
configure:4757: $? = 0
configure:4759: result: yes
configure:4923: creating ./config.status

## ---------------------- ##
## Running config.status. ##
## ---------------------- ##

This file was extended by OligoArrayAux config.status 3.8, which was
generated by GNU Autoconf 2.61.  Invocation command line was

  CONFIG_FILES    = 
  CONFIG_HEADERS  = 
  CONFIG_LINKS    = 
  CONFIG_COMMANDS = 
  $ ./config.status 

on anat-imac-31.otago.ac.nz

config.status:661: creating Makefile
config.status:661: creating src/Makefile
config.status:661: creating scripts/Makefile
config.status:661: creating data/Makefile
config.status:661: creating doc/Makefile
config.status:661: creating scripts/melt.pl
config.status:661: creating scripts/h-num.pl
config.status:661: creating scripts/ss-count.pl
config.status:661: creating doc/hybrid-min.1
config.status:661: creating doc/hybrid-ss-min.1
config.status:661: creating doc/ct-energy.1
config.status:661: creating doc/melt.pl.1
config.status:661: creating doc/h-num.pl.1
config.status:661: creating doc/ss-count.pl.1
config.status:661: creating doc/ct2rnaml.1
config.status:661: creating config.h
config.status:893: config.h is unchanged
config.status:940: executing depfiles commands

## ---------------- ##
## Cache variables. ##
## ---------------- ##

ac_cv_build=i386-apple-darwin16.7.0
ac_cv_c_compiler_gnu=yes
ac_cv_c_const=yes
ac_cv_env_CC_set=
ac_cv_env_CC_value=
ac_cv_env_CFLAGS_set=
ac_cv_env_CFLAGS_value=
ac_cv_env_CPPFLAGS_set=
ac_cv_env_CPPFLAGS_value=
ac_cv_env_CPP_set=
ac_cv_env_CPP_value=
ac_cv_env_LDFLAGS_set=
ac_cv_env_LDFLAGS_value=
ac_cv_env_LIBS_set=
ac_cv_env_LIBS_value=
ac_cv_env_build_alias_set=
ac_cv_env_build_alias_value=
ac_cv_env_host_alias_set=
ac_cv_env_host_alias_value=
ac_cv_env_target_alias_set=
ac_cv_env_target_alias_value=
ac_cv_header_dirent_dirent_h=yes
ac_cv_header_fcntl_h=yes
ac_cv_header_ieeefp_h=no
ac_cv_header_inttypes_h=yes
ac_cv_header_libintl_h=no
ac_cv_header_limits_h=yes
ac_cv_header_memory_h=yes
ac_cv_header_stdc=yes
ac_cv_header_stdint_h=yes
ac_cv_header_stdlib_h=yes
ac_cv_header_string_h=yes
ac_cv_header_strings_h=yes
ac_cv_header_sys_stat_h=yes
ac_cv_header_sys_types_h=yes
ac_cv_header_unistd_h=yes
ac_cv_objext=o
ac_cv_path_EGREP='/usr/bin/grep -E'
ac_cv_path_GREP=/usr/bin/grep
ac_cv_path_PERL=/usr/bin/perl
ac_cv_path_install='/usr/bin/install -c'
ac_cv_path_mkdir=/opt/local/bin/gmkdir
ac_cv_prog_AWK=awk
ac_cv_prog_CPP='gcc -E'
ac_cv_prog_ac_ct_CC=gcc
ac_cv_prog_cc_c89=
ac_cv_prog_cc_g=yes
ac_cv_prog_make_make_set=yes
ac_cv_search_opendir='none required'
am_cv_CC_dependencies_compiler_type=gcc3

## ----------------- ##
## Output variables. ##
## ----------------- ##

ACLOCAL='${SHELL} /Users/clareadams/Documents/Bioinformatics/DECIPHERtest/DECIPHERtest/oligoarrayaux-3.8/config/missing --run aclocal-1.10'
AMDEPBACKSLASH='\'
AMDEP_FALSE='#'
AMDEP_TRUE=''
AMTAR='${SHELL} /Users/clareadams/Documents/Bioinformatics/DECIPHERtest/DECIPHERtest/oligoarrayaux-3.8/config/missing --run tar'
AUTOCONF='${SHELL} /Users/clareadams/Documents/Bioinformatics/DECIPHERtest/DECIPHERtest/oligoarrayaux-3.8/config/missing --run autoconf'
AUTOHEADER='${SHELL} /Users/clareadams/Documents/Bioinformatics/DECIPHERtest/DECIPHERtest/oligoarrayaux-3.8/config/missing --run autoheader'
AUTOMAKE='${SHELL} /Users/clareadams/Documents/Bioinformatics/DECIPHERtest/DECIPHERtest/oligoarrayaux-3.8/config/missing --run automake-1.10'
AWK='awk'
CC='gcc'
CCDEPMODE='depmode=gcc3'
CFLAGS='-g -O2'
CPP='gcc -E'
CPPFLAGS=''
CYGPATH_W='echo'
DATE='May 2010'
DEFS='-DHAVE_CONFIG_H'
DEPDIR='.deps'
ECHO_C='ECHO_N=''
ECHO_T=''
EGREP='/usr/bin/grep -E'
EXEEXT=''
GREP='/usr/bin/grep'
INFINITY='inf'
INSTALL_DATA='${INSTALL} -m 644'
INSTALL_PROGRAM='${INSTALL}'
INSTALL_SCRIPT='${INSTALL}'
INSTALL_STRIP_PROGRAM='$(install_sh) -c -s'
LDFLAGS=''
LIBOBJS=''
LIBS=''
LN_S='ln -s'
LTLIBOBJS=''
MAKEINFO='${SHELL} /Users/clareadams/Documents/Bioinformatics/DECIPHERtest/DECIPHERtest/oligoarrayaux-3.8/config/missing --run makeinfo'
OBJEXT='o'
PACKAGE='oligoarrayaux'
PACKAGE_BUGREPORT='markhn@rpi.edu'
PACKAGE_NAME='OligoArrayAux'
PACKAGE_STRING='OligoArrayAux 3.8'
PACKAGE_TARNAME='oligoarrayaux'
PACKAGE_VERSION='3.8'
PATH_SEPARATOR=':'
PERL='/usr/bin/perl'
SET_MAKE=''
SHELL='/bin/sh'
STRIP=''
VERSION='3.8'
ac_ct_CC='gcc'
am__fastdepCC_FALSE='#'
am__fastdepCC_TRUE=''
am__include='include'
am__isrc=''
am__leading_dot='.'
am__quote=''
am__tar='${AMTAR} chof - "$$tardir"'
am__untar='${AMTAR} xf -'
bindir='${exec_prefix}/bin'
build='i386-apple-darwin16.7.0'
build_alias=''
build_cpu='i386'
build_os='darwin16.7.0'
build_vendor='apple'
datadir='${datarootdir}'
datarootdir='${prefix}/share'
docdir='${datarootdir}/doc/${PACKAGE_TARNAME}'
dvidir='${docdir}'
exec_prefix='${prefix}'
host_alias=''
htmldir='${docdir}'
includedir='${prefix}/include'
infodir='${datarootdir}/info'
install_sh='$(SHELL) /Users/clareadams/Documents/Bioinformatics/DECIPHERtest/DECIPHERtest/oligoarrayaux-3.8/config/install-sh'
libdir='${exec_prefix}/lib'
libexecdir='${exec_prefix}/libexec'
localedir='${datarootdir}/locale'
localstatedir='${prefix}/var'
mandir='${datarootdir}/man'
mkdir_p='/opt/local/bin/gmkdir -p'
oldincludedir='/usr/include'
pdfdir='${docdir}'
prefix='/usr/local'
program_transform_name='s,x,x,'
psdir='${docdir}'
sbindir='${exec_prefix}/sbin'
sharedstatedir='${prefix}/com'
sysconfdir='${prefix}/etc'
target_alias=''

## ------------------- ##
## File substitutions. ##
## ------------------- ##

REFERENCES='./doc/references'

## ----------- ##
## confdefs.h. ##
## ----------- ##

#define PACKAGE_NAME "OligoArrayAux"
#define PACKAGE_TARNAME "oligoarrayaux"
#define PACKAGE_VERSION "3.8"
#define PACKAGE_STRING "OligoArrayAux 3.8"
#define PACKAGE_BUGREPORT "markhn@rpi.edu"
#define PACKAGE "oligoarrayaux"
#define VERSION "3.8"
#define HAVE_DIRENT_H 1
#define STDC_HEADERS 1
#define HAVE_SYS_TYPES_H 1
#define HAVE_SYS_STAT_H 1
#define HAVE_STDLIB_H 1
#define HAVE_STRING_H 1
#define HAVE_MEMORY_H 1
#define HAVE_STRINGS_H 1
#define HAVE_INTTYPES_H 1
#define HAVE_STDINT_H 1
#define HAVE_UNISTD_H 1
#define HAVE_FCNTL_H 1
#define HAVE_LIMITS_H 1
#define HAVE_STDLIB_H 1
#define HAVE_STRING_H 1
#define ENABLE_FORCE 0

configure: exit 0
